# JRE version: OpenJDK Runtime Environment (23.0.1+11) (build 23.0.1+11-39)
# Java VM: OpenJDK 64-Bit Server VM (23.0.1+11-39, mixed mode, emulated-client, sharing, tiered, compressed oops, compressed class ptrs, g1 gc, windows-amd64)
GC Precious Log:
 CardTable entry size: 512
 Card Set container configuration: InlinePtr #cards 4 size 8 Array Of Cards #cards 16 size 48 Howl #buckets 8 coarsen threshold 3686 Howl Bitmap #cards 512 size 80 coarsen threshold 460 Card regions per heap region 1 cards per card region 4096
 CPUs: 8 total, 8 available
 Memory: 16118M
 Large Page Support: Disabled
 NUMA Support: Disabled
 Compressed Oops: Enabled (Zero based)
 Heap Region Size: 2M
 Heap Min Capacity: 8M
 Heap Initial Capacity: 252M
 Heap Max Capacity: 4030M
 Pre-touch: Disabled
 Parallel Workers: 8
 Concurrent Workers: 2
 Concurrent Refinement Workers: 8
 Periodic GC: Disabled
Heap:
 garbage-first heap   total reserved 4126720K, committed 143360K, used 75457K [0x0000000704200000, 0x0000000800000000)
  region size 2048K, 4 young (8192K), 4 survivors (8192K)
 Metaspace       used 66149K, committed 66816K, reserved 1114112K
  class space    used 10027K, committed 10304K, reserved 1048576K
GC Heap History (20 events):
Event: 6.881 GC heap after
{Heap after GC invocations=17 (full 0):
 garbage-first heap   total reserved 4126720K, committed 90112K, used 31519K [0x0000000704200000, 0x0000000800000000)
  region size 2048K, 4 young (8192K), 4 survivors (8192K)
 Metaspace       used 63130K, committed 63808K, reserved 1114112K
  class space    used 9462K, committed 9728K, reserved 1048576K
}
Event: 7.129 GC heap before
{Heap before GC invocations=17 (full 0):
 garbage-first heap   total reserved 4126720K, committed 90112K, used 74527K [0x0000000704200000, 0x0000000800000000)
  region size 2048K, 25 young (51200K), 4 survivors (8192K)
 Metaspace       used 65614K, committed 66304K, reserved 1114112K
  class space    used 9842K, committed 10112K, reserved 1048576K
}
Event: 7.134 GC heap after
{Heap after GC invocations=18 (full 0):
 garbage-first heap   total reserved 4126720K, committed 90112K, used 34526K [0x0000000704200000, 0x0000000800000000)
  region size 2048K, 4 young (8192K), 4 survivors (8192K)
 Metaspace       used 65614K, committed 66304K, reserved 1114112K
  class space    used 9842K, committed 10112K, reserved 1048576K
}
Event: 7.205 GC heap before
{Heap before GC invocations=18 (full 0):
 garbage-first heap   total reserved 4126720K, committed 90112K, used 73438K [0x0000000704200000, 0x0000000800000000)
  region size 2048K, 23 young (47104K), 4 survivors (8192K)
 Metaspace       used 65614K, committed 66304K, reserved 1114112K
  class space    used 9842K, committed 10112K, reserved 1048576K
}
Event: 7.212 GC heap after
{Heap after GC invocations=19 (full 0):
 garbage-first heap   total reserved 4126720K, committed 90112K, used 39811K [0x0000000704200000, 0x0000000800000000)
  region size 2048K, 3 young (6144K), 3 survivors (6144K)
 Metaspace       used 65614K, committed 66304K, reserved 1114112K
  class space    used 9842K, committed 10112K, reserved 1048576K
}
Event: 7.285 GC heap before
{Heap before GC invocations=19 (full 0):
 garbage-first heap   total reserved 4126720K, committed 90112K, used 74627K [0x0000000704200000, 0x0000000800000000)
  region size 2048K, 20 young (40960K), 3 survivors (6144K)
 Metaspace       used 65618K, committed 66304K, reserved 1114112K
  class space    used 9842K, committed 10112K, reserved 1048576K
}
Event: 7.292 GC heap after
{Heap after GC invocations=20 (full 0):
 garbage-first heap   total reserved 4126720K, committed 90112K, used 46440K [0x0000000704200000, 0x0000000800000000)
  region size 2048K, 3 young (6144K), 3 survivors (6144K)
 Metaspace       used 65618K, committed 66304K, reserved 1114112K
  class space    used 9842K, committed 10112K, reserved 1048576K
}
Event: 7.345 GC heap before
{Heap before GC invocations=20 (full 0):
 garbage-first heap   total reserved 4126720K, committed 90112K, used 75112K [0x0000000704200000, 0x0000000800000000)
  region size 2048K, 17 young (34816K), 3 survivors (6144K)
 Metaspace       used 65618K, committed 66304K, reserved 1114112K
  class space    used 9842K, committed 10112K, reserved 1048576K
}
Event: 7.349 GC heap after
{Heap after GC invocations=21 (full 0):
 garbage-first heap   total reserved 4126720K, committed 137216K, used 48833K [0x0000000704200000, 0x0000000800000000)
  region size 2048K, 3 young (6144K), 3 survivors (6144K)
 Metaspace       used 65618K, committed 66304K, reserved 1114112K
  class space    used 9842K, committed 10112K, reserved 1048576K
}
Event: 7.505 GC heap before
{Heap before GC invocations=22 (full 0):
 garbage-first heap   total reserved 4126720K, committed 137216K, used 114369K [0x0000000704200000, 0x0000000800000000)
  region size 2048K, 35 young (71680K), 3 survivors (6144K)
 Metaspace       used 65618K, committed 66304K, reserved 1114112K
  class space    used 9842K, committed 10112K, reserved 1048576K
}
Event: 7.518 GC heap after
{Heap after GC invocations=23 (full 0):
 garbage-first heap   total reserved 4126720K, committed 143360K, used 71361K [0x0000000704200000, 0x0000000800000000)
  region size 2048K, 5 young (10240K), 5 survivors (10240K)
 Metaspace       used 65618K, committed 66304K, reserved 1114112K
  class space    used 9842K, committed 10112K, reserved 1048576K
}
Event: 7.693 GC heap before
{Heap before GC invocations=23 (full 0):
 garbage-first heap   total reserved 4126720K, committed 143360K, used 114369K [0x0000000704200000, 0x0000000800000000)
  region size 2048K, 26 young (53248K), 5 survivors (10240K)
 Metaspace       used 65808K, committed 66496K, reserved 1114112K
  class space    used 9889K, committed 10176K, reserved 1048576K
}
Event: 7.699 GC heap after
{Heap after GC invocations=24 (full 0):
 garbage-first heap   total reserved 4126720K, committed 143360K, used 73378K [0x0000000704200000, 0x0000000800000000)
  region size 2048K, 1 young (2048K), 1 survivors (2048K)
 Metaspace       used 65808K, committed 66496K, reserved 1114112K
  class space    used 9889K, committed 10176K, reserved 1048576K
}
Event: 7.815 GC heap before
{Heap before GC invocations=24 (full 0):
 garbage-first heap   total reserved 4126720K, committed 143360K, used 120482K [0x0000000704200000, 0x0000000800000000)
  region size 2048K, 24 young (49152K), 1 survivors (2048K)
 Metaspace       used 65860K, committed 66560K, reserved 1114112K
  class space    used 9899K, committed 10176K, reserved 1048576K
}
Event: 7.817 GC heap after
{Heap after GC invocations=25 (full 0):
 garbage-first heap   total reserved 4126720K, committed 143360K, used 74044K [0x0000000704200000, 0x0000000800000000)
  region size 2048K, 2 young (4096K), 2 survivors (4096K)
 Metaspace       used 65860K, committed 66560K, reserved 1114112K
  class space    used 9899K, committed 10176K, reserved 1048576K
}
Event: 7.944 GC heap before
{Heap before GC invocations=26 (full 0):
 garbage-first heap   total reserved 4126720K, committed 143360K, used 110908K [0x0000000704200000, 0x0000000800000000)
  region size 2048K, 25 young (51200K), 2 survivors (4096K)
 Metaspace       used 65901K, committed 66560K, reserved 1114112K
  class space    used 9905K, committed 10176K, reserved 1048576K
}
Event: 7.947 GC heap after
{Heap after GC invocations=27 (full 0):
 garbage-first heap   total reserved 4126720K, committed 143360K, used 64929K [0x0000000704200000, 0x0000000800000000)
  region size 2048K, 2 young (4096K), 2 survivors (4096K)
 Metaspace       used 65901K, committed 66560K, reserved 1114112K
  class space    used 9905K, committed 10176K, reserved 1048576K
}
Event: 8.046 GC heap before
{Heap before GC invocations=27 (full 0):
 garbage-first heap   total reserved 4126720K, committed 143360K, used 120225K [0x0000000704200000, 0x0000000800000000)
  region size 2048K, 29 young (59392K), 2 survivors (4096K)
 Metaspace       used 65901K, committed 66560K, reserved 1114112K
  class space    used 9905K, committed 10176K, reserved 1048576K
}
Event: 8.057 GC heap after
{Heap after GC invocations=28 (full 0):
 garbage-first heap   total reserved 4126720K, committed 143360K, used 69313K [0x0000000704200000, 0x0000000800000000)
  region size 2048K, 4 young (8192K), 4 survivors (8192K)
 Metaspace       used 65901K, committed 66560K, reserved 1114112K
  class space    used 9905K, committed 10176K, reserved 1048576K
}
Event: 8.167 GC heap before
{Heap before GC invocations=28 (full 0):
 garbage-first heap   total reserved 4126720K, committed 143360K, used 114369K [0x0000000704200000, 0x0000000800000000)
  region size 2048K, 26 young (53248K), 4 survivors (8192K)
 Metaspace       used 66149K, committed 66816K, reserved 1114112K
  class space    used 10027K, committed 10304K, reserved 1048576K
}

