# JRE version: OpenJDK Runtime Environment (23.0.1+11) (build 23.0.1+11-39)
# Java VM: OpenJDK 64-Bit Server VM (23.0.1+11-39, mixed mode, emulated-client, sharing, tiered, compressed oops, compressed class ptrs, g1 gc, windows-amd64)
GC Precious Log:
 CardTable entry size: 512
 Card Set container configuration: InlinePtr #cards 4 size 8 Array Of Cards #cards 16 size 48 Howl #buckets 8 coarsen threshold 3686 Howl Bitmap #cards 512 size 80 coarsen threshold 460 Card regions per heap region 1 cards per card region 4096
 CPUs: 8 total, 8 available
 Memory: 16118M
 Large Page Support: Disabled
 NUMA Support: Disabled
 Compressed Oops: Enabled (Zero based)
 Heap Region Size: 2M
 Heap Min Capacity: 8M
 Heap Initial Capacity: 252M
 Heap Max Capacity: 4030M
 Pre-touch: Disabled
 Parallel Workers: 8
 Concurrent Workers: 2
 Concurrent Refinement Workers: 8
 Periodic GC: Disabled
Heap:
 garbage-first heap   total reserved 4126720K, committed 223232K, used 96216K [0x0000000704200000, 0x0000000800000000)
  region size 2048K, 6 young (12288K), 6 survivors (12288K)
 Metaspace       used 65756K, committed 66432K, reserved 1114112K
  class space    used 9971K, committed 10240K, reserved 1048576K
GC Heap History (20 events):
Event: 13.733 GC heap after
{Heap after GC invocations=13 (full 0):
 garbage-first heap   total reserved 4126720K, committed 157696K, used 30354K [0x0000000704200000, 0x0000000800000000)
  region size 2048K, 4 young (8192K), 4 survivors (8192K)
 Metaspace       used 59747K, committed 60416K, reserved 1114112K
  class space    used 8704K, committed 9024K, reserved 1048576K
}
Event: 15.091 GC heap before
{Heap before GC invocations=14 (full 0):
 garbage-first heap   total reserved 4126720K, committed 110592K, used 87698K [0x0000000704200000, 0x0000000800000000)
  region size 2048K, 32 young (65536K), 4 survivors (8192K)
 Metaspace       used 64752K, committed 65472K, reserved 1114112K
  class space    used 9743K, committed 10048K, reserved 1048576K
}
Event: 15.113 GC heap after
{Heap after GC invocations=15 (full 0):
 garbage-first heap   total reserved 4126720K, committed 110592K, used 35175K [0x0000000704200000, 0x0000000800000000)
  region size 2048K, 4 young (8192K), 4 survivors (8192K)
 Metaspace       used 64752K, committed 65472K, reserved 1114112K
  class space    used 9743K, committed 10048K, reserved 1048576K
}
Event: 15.378 GC heap before
{Heap before GC invocations=15 (full 0):
 garbage-first heap   total reserved 4126720K, committed 110592K, used 90471K [0x0000000704200000, 0x0000000800000000)
  region size 2048K, 31 young (63488K), 4 survivors (8192K)
 Metaspace       used 64819K, committed 65536K, reserved 1114112K
  class space    used 9752K, committed 10048K, reserved 1048576K
}
Event: 15.420 GC heap after
{Heap after GC invocations=16 (full 0):
 garbage-first heap   total reserved 4126720K, committed 118784K, used 51230K [0x0000000704200000, 0x0000000800000000)
  region size 2048K, 4 young (8192K), 4 survivors (8192K)
 Metaspace       used 64819K, committed 65536K, reserved 1114112K
  class space    used 9752K, committed 10048K, reserved 1048576K
}
Event: 15.661 GC heap before
{Heap before GC invocations=16 (full 0):
 garbage-first heap   total reserved 4126720K, committed 118784K, used 96286K [0x0000000704200000, 0x0000000800000000)
  region size 2048K, 26 young (53248K), 4 survivors (8192K)
 Metaspace       used 64822K, committed 65536K, reserved 1114112K
  class space    used 9752K, committed 10048K, reserved 1048576K
}
Event: 15.695 GC heap after
{Heap after GC invocations=17 (full 0):
 garbage-first heap   total reserved 4126720K, committed 122880K, used 67943K [0x0000000704200000, 0x0000000800000000)
  region size 2048K, 4 young (8192K), 4 survivors (8192K)
 Metaspace       used 64822K, committed 65536K, reserved 1114112K
  class space    used 9752K, committed 10048K, reserved 1048576K
}
Event: 15.842 GC heap before
{Heap before GC invocations=17 (full 0):
 garbage-first heap   total reserved 4126720K, committed 122880K, used 98663K [0x0000000704200000, 0x0000000800000000)
  region size 2048K, 19 young (38912K), 4 survivors (8192K)
 Metaspace       used 64822K, committed 65536K, reserved 1114112K
  class space    used 9752K, committed 10048K, reserved 1048576K
}
Event: 15.881 GC heap after
{Heap after GC invocations=18 (full 0):
 garbage-first heap   total reserved 4126720K, committed 223232K, used 81463K [0x0000000704200000, 0x0000000800000000)
  region size 2048K, 3 young (6144K), 3 survivors (6144K)
 Metaspace       used 64822K, committed 65536K, reserved 1114112K
  class space    used 9752K, committed 10048K, reserved 1048576K
}
Event: 16.517 GC heap before
{Heap before GC invocations=19 (full 0):
 garbage-first heap   total reserved 4126720K, committed 223232K, used 161335K [0x0000000704200000, 0x0000000800000000)
  region size 2048K, 42 young (86016K), 3 survivors (6144K)
 Metaspace       used 65396K, committed 66176K, reserved 1114112K
  class space    used 9912K, committed 10240K, reserved 1048576K
}
Event: 16.549 GC heap after
{Heap after GC invocations=20 (full 0):
 garbage-first heap   total reserved 4126720K, committed 223232K, used 91847K [0x0000000704200000, 0x0000000800000000)
  region size 2048K, 6 young (12288K), 6 survivors (12288K)
 Metaspace       used 65396K, committed 66176K, reserved 1114112K
  class space    used 9912K, committed 10240K, reserved 1048576K
}
Event: 16.944 GC heap before
{Heap before GC invocations=20 (full 0):
 garbage-first heap   total reserved 4126720K, committed 223232K, used 169671K [0x0000000704200000, 0x0000000800000000)
  region size 2048K, 44 young (90112K), 6 survivors (12288K)
 Metaspace       used 65397K, committed 66176K, reserved 1114112K
  class space    used 9912K, committed 10240K, reserved 1048576K
}
Event: 16.983 GC heap after
{Heap after GC invocations=21 (full 0):
 garbage-first heap   total reserved 4126720K, committed 223232K, used 96174K [0x0000000704200000, 0x0000000800000000)
  region size 2048K, 6 young (12288K), 6 survivors (12288K)
 Metaspace       used 65397K, committed 66176K, reserved 1114112K
  class space    used 9912K, committed 10240K, reserved 1048576K
}
Event: 17.657 GC heap before
{Heap before GC invocations=21 (full 0):
 garbage-first heap   total reserved 4126720K, committed 223232K, used 173998K [0x0000000704200000, 0x0000000800000000)
  region size 2048K, 44 young (90112K), 6 survivors (12288K)
 Metaspace       used 65622K, committed 66368K, reserved 1114112K
  class space    used 9937K, committed 10240K, reserved 1048576K
}
Event: 17.687 GC heap after
{Heap after GC invocations=22 (full 0):
 garbage-first heap   total reserved 4126720K, committed 223232K, used 104125K [0x0000000704200000, 0x0000000800000000)
  region size 2048K, 4 young (8192K), 4 survivors (8192K)
 Metaspace       used 65622K, committed 66368K, reserved 1114112K
  class space    used 9937K, committed 10240K, reserved 1048576K
}
Event: 18.181 GC heap before
{Heap before GC invocations=22 (full 0):
 garbage-first heap   total reserved 4126720K, committed 223232K, used 179901K [0x0000000704200000, 0x0000000800000000)
  region size 2048K, 41 young (83968K), 4 survivors (8192K)
 Metaspace       used 65756K, committed 66432K, reserved 1114112K
  class space    used 9971K, committed 10240K, reserved 1048576K
}
Event: 18.205 GC heap after
{Heap after GC invocations=23 (full 0):
 garbage-first heap   total reserved 4126720K, committed 223232K, used 112310K [0x0000000704200000, 0x0000000800000000)
  region size 2048K, 4 young (8192K), 4 survivors (8192K)
 Metaspace       used 65756K, committed 66432K, reserved 1114112K
  class space    used 9971K, committed 10240K, reserved 1048576K
}
Event: 18.641 GC heap before
{Heap before GC invocations=24 (full 0):
 garbage-first heap   total reserved 4126720K, committed 223232K, used 165558K [0x0000000704200000, 0x0000000800000000)
  region size 2048K, 40 young (81920K), 4 survivors (8192K)
 Metaspace       used 65756K, committed 66432K, reserved 1114112K
  class space    used 9971K, committed 10240K, reserved 1048576K
}
Event: 18.649 GC heap after
{Heap after GC invocations=25 (full 0):
 garbage-first heap   total reserved 4126720K, committed 223232K, used 87390K [0x0000000704200000, 0x0000000800000000)
  region size 2048K, 1 young (2048K), 1 survivors (2048K)
 Metaspace       used 65756K, committed 66432K, reserved 1114112K
  class space    used 9971K, committed 10240K, reserved 1048576K
}
Event: 19.215 GC heap before
{Heap before GC invocations=25 (full 0):
 garbage-first heap   total reserved 4126720K, committed 223232K, used 179550K [0x0000000704200000, 0x0000000800000000)
  region size 2048K, 46 young (94208K), 1 survivors (2048K)
 Metaspace       used 65756K, committed 66432K, reserved 1114112K
  class space    used 9971K, committed 10240K, reserved 1048576K
}

